Android/UrgentCare/app/build/outputs/logs/manifest-merger-debug-report.txt
-- Merging decision tree log ---
manifest
ADDED from src\main\AndroidManifest.xml:2:1-39:12
	package
		ADDED from src\main\AndroidManifest.xml:4:5-37
		INJECTED from src\main\AndroidManifest.xml
		INJECTED from src\main\AndroidManifest.xml
	android:versionName
		INJECTED from src\main\AndroidManifest.xml
		INJECTED from src\main\AndroidManifest.xml
	xmlns:tools
		ADDED from src\main\AndroidManifest.xml:3:5-51
	xmlns:android
		ADDED from src\main\AndroidManifest.xml:2:11-69
	android:versionCode
		INJECTED from src\main\AndroidManifest.xml
		INJECTED from src\main\AndroidManifest.xml
uses-permission#android.permission.INTERNET
ADDED from src\main\AndroidManifest.xml:6:5-67
	android:name
		ADDED from src\main\AndroidManifest.xml:6:22-64
application
ADDED from src\main\AndroidManifest.xml:8:5-37:19
MERGED from [com.android.support:appcompat-v7:23.0.1] AndroidManifest.xml:22:5-20
MERGED from [com.android.support:support-v4:23.0.1] AndroidManifest.xml:22:5-20
MERGED from [cn.pedant.sweetalert:library:1.3] AndroidManifest.xml:11:5-20
MERGED from [com.pnikosis:materialish-progress:1.0] AndroidManifest.xml:11:5-15:19
MERGED from [com.android.support:appcompat-v7:23.0.1] AndroidManifest.xml:22:5-20
MERGED from [com.android.support:support-v4:23.0.1] AndroidManifest.xml:22:5-20
MERGED from [com.github.traex.rippleeffect:library:1.3] AndroidManifest.xml:12:5-20
MERGED from [com.romainpiel.shimmer:library:1.4.0] AndroidManifest.xml:11:5-20
	android:label
		ADDED from src\main\AndroidManifest.xml:12:9-41
	android:allowBackup
		ADDED from src\main\AndroidManifest.xml:9:9-35
	android:icon
		ADDED from src\main\AndroidManifest.xml:10:9-43
		REJECTED from [com.pnikosis:materialish-progress:1.0] AndroidManifest.xml:13:9-45
	android:theme
		ADDED from src\main\AndroidManifest.xml:13:9-40
	tools:replace
		ADDED from src\main\AndroidManifest.xml:11:9-37
activity#com.redimed.urgentcare.HomeActivity
ADDED from src\main\AndroidManifest.xml:14:9-20:20
	android:name
		ADDED from src\main\AndroidManifest.xml:14:19-47
intent-filter#android.intent.action.MAIN+android.intent.category.LAUNCHER
ADDED from src\main\AndroidManifest.xml:15:13-19:29
action#android.intent.action.MAIN
ADDED from src\main\AndroidManifest.xml:16:17-69
	android:name
		ADDED from src\main\AndroidManifest.xml:16:25-66
category#android.intent.category.LAUNCHER
ADDED from src\main\AndroidManifest.xml:18:17-77
	android:name
		ADDED from src\main\AndroidManifest.xml:18:27-74
activity#com.redimed.urgentcare.MakeAppointmentActivity
ADDED from src\main\AndroidManifest.xml:21:9-24:20
	android:label
		ADDED from src\main\AndroidManifest.xml:23:13-68
	android:name
		ADDED from src\main\AndroidManifest.xml:22:13-52
activity#com.redimed.urgentcare.FAQActivity
ADDED from src\main\AndroidManifest.xml:25:9-28:20
	android:label
		ADDED from src\main\AndroidManifest.xml:27:13-55
	android:name
		ADDED from src\main\AndroidManifest.xml:26:13-40
activity#com.redimed.urgentcare.SportInjuryActivity
ADDED from src\main\AndroidManifest.xml:29:9-32:20
	android:label
		ADDED from src\main\AndroidManifest.xml:31:13-64
	android:name
		ADDED from src\main\AndroidManifest.xml:30:13-48
activity#com.redimed.urgentcare.WorkInjuryActivity
ADDED from src\main\AndroidManifest.xml:33:9-36:20
	android:label
		ADDED from src\main\AndroidManifest.xml:35:13-63
	android:name
		ADDED from src\main\AndroidManifest.xml:34:13-47
uses-sdk
INJECTED from src\main\AndroidManifest.xml reason: use-sdk injection requested
MERGED from [com.android.support:appcompat-v7:23.0.1] AndroidManifest.xml:20:5-43
MERGED from [com.android.support:support-v4:23.0.1] AndroidManifest.xml:20:5-43
MERGED from [cn.pedant.sweetalert:library:1.3] AndroidManifest.xml:7:5-9:41
MERGED from [com.pnikosis:materialish-progress:1.0] AndroidManifest.xml:7:5-9:41
MERGED from [com.android.support:appcompat-v7:23.0.1] AndroidManifest.xml:20:5-43
MERGED from [com.android.support:support-v4:23.0.1] AndroidManifest.xml:20:5-43
MERGED from [com.github.traex.rippleeffect:library:1.3] AndroidManifest.xml:8:5-10:41
MERGED from [com.romainpiel.shimmer:library:1.4.0] AndroidManifest.xml:7:5-9:41
	android:targetSdkVersion
		INJECTED from src\main\AndroidManifest.xml
		INJECTED from src\main\AndroidManifest.xml
	android:minSdkVersion
		INJECTED from src\main\AndroidManifest.xml
		INJECTED from src\main\AndroidManifest.xml